[2026-02-07 15:50:31] === BOOKING START ===
Input: {"user_id":1,"customer_name":"MENGHUI1202","customer_email":"HMH@gmail.com","customer_phone":"01111111234","payment_method":"banking","cart":[{"id":15,"name":"MERCEDES A45","price":220,"quantity":1,"rentalDays":1,"startDateTime":"2026-02-08 12:00","endDateTime":"2026-02-09 12:00","pickupState":"Melaka","pickupLocation":"Ayer Keroh Toll Plaza","dropoffState":"Melaka","dropoffLocation":"Ayer Keroh Toll Plaza","dateConfirmed":true,"driverAge":"under-25","emergencyContact":{"name":"LIEW KOI MAN","phone":"999999999999999"}}],"total_amount":230,"discount_amount":0,"promo_code":null,"tax_amount":13.8,"service_fee":15,"grand_total":258.8}
Validation passed
Booking ref: BK20260207003
Amounts - Total: 230.00, Discount: 0.00, Tax: 13.80, Fee: 15.00, Grand: 258.80, Promo: null
Booking inserted: ID 19
Item 0 inserted: ID 13
=== BOOKING SUCCESS ===

[2026-02-07 17:30:52] === BOOKING START ===
Input: {"user_id":109,"customer_name":"MENGHUI2","customer_email":"hoomenghui2@gmail.com","customer_phone":"0127612283","payment_method":"e-wallet","cart":[{"id":16,"name":"Myvi","price":70,"quantity":1,"rentalDays":1}],"total_amount":70,"discount_amount":0,"promo_code":null,"tax_amount":4.2,"service_fee":15,"grand_total":89.2}
Validation passed
Booking ref: BK20260208001
Amounts - Total: 70.00, Discount: 0.00, Tax: 4.20, Fee: 15.00, Grand: 89.20, Promo: null
ERROR: Unknown column 'tax_amount' in 'field list'
Stack: #0 C:\xampp\htdocs\CARRENTALSYSTEM\process_booking.php(81): mysqli->prepare('INSERT INTO boo...')
#1 {main}

[2026-02-07 17:52:54] === BOOKING START ===
Input: {"user_id":109,"customer_name":"MENGHUI2","customer_email":"hoomenghui2@gmail.com","customer_phone":"0127612283","payment_method":"e-wallet","cart":[{"id":15,"name":"A45","price":220,"quantity":1,"rentalDays":1,"services":{"gps":true},"servicePrices":{"gps":15},"startDateTime":"2026-02-12 12:00","endDateTime":"2026-02-13 12:00","dateConfirmed":true,"pickupState":"Selangor","pickupLocation":"KLIA Airport - Terminal 1","dropoffState":"Selangor","dropoffLocation":"KLIA Airport - Terminal 1","driverAge":"under-25"}],"total_amount":245,"discount_amount":0,"promo_code":null,"tax_amount":14.7,"service_fee":15,"grand_total":274.7}
Validation passed
Booking ref: BK20260208001
Amounts - Total: 245.00, Discount: 0.00, Tax: 14.70, Fee: 15.00, Grand: 274.70, Promo: null
ERROR: Unknown column 'tax_amount' in 'field list'
Stack: #0 C:\xampp\htdocs\CARRENTALSYSTEM\process_booking.php(81): mysqli->prepare('INSERT INTO boo...')
#1 {main}

[2026-02-07 17:56:19] === BOOKING START ===
Input: {"user_id":109,"customer_name":"MENGHUI2","customer_email":"hoomenghui2@gmail.com","customer_phone":"0127612283","payment_method":"e-wallet","cart":[{"id":15,"name":"A45","price":220,"quantity":1,"rentalDays":1,"services":{"gps":true},"servicePrices":{"gps":15},"startDateTime":"2026-02-12 12:00","endDateTime":"2026-02-13 12:00","dateConfirmed":true,"pickupState":"Selangor","pickupLocation":"KLIA Airport - Terminal 1","dropoffState":"Selangor","dropoffLocation":"KLIA Airport - Terminal 1","driverAge":"under-25"}],"total_amount":245,"discount_amount":0,"promo_code":null,"tax_amount":14.7,"service_fee":15,"grand_total":274.7}
Validation passed
Booking ref: BK20260208001
Amounts - Total: 245.00, Discount: 0.00, Tax: 14.70, Fee: 15.00, Grand: 274.70, Promo: null
ERROR: Unknown column 'discount_amount' in 'field list'
Stack: #0 C:\xampp\htdocs\CARRENTALSYSTEM\process_booking.php(81): mysqli->prepare('INSERT INTO boo...')
#1 {main}

[2026-02-07 17:56:45] === BOOKING START ===
Input: {"user_id":109,"customer_name":"MENGHUI2","customer_email":"hoomenghui2@gmail.com","customer_phone":"0127612283","payment_method":"e-wallet","cart":[{"id":15,"name":"A45","price":220,"quantity":1,"rentalDays":1,"services":{"gps":true},"servicePrices":{"gps":15},"startDateTime":"2026-02-12 12:00","endDateTime":"2026-02-13 12:00","dateConfirmed":true,"pickupState":"Selangor","pickupLocation":"KLIA Airport - Terminal 1","dropoffState":"Selangor","dropoffLocation":"KLIA Airport - Terminal 1","driverAge":"under-25"}],"total_amount":245,"discount_amount":0,"promo_code":null,"tax_amount":14.7,"service_fee":15,"grand_total":274.7}
Validation passed
Booking ref: BK20260208001
Amounts - Total: 245.00, Discount: 0.00, Tax: 14.70, Fee: 15.00, Grand: 274.70, Promo: null
ERROR: Unknown column 'discount_amount' in 'field list'
Stack: #0 C:\xampp\htdocs\CARRENTALSYSTEM\process_booking.php(81): mysqli->prepare('INSERT INTO boo...')
#1 {main}

[2026-02-07 17:56:54] === BOOKING START ===
Input: {"user_id":109,"customer_name":"MENGHUI2","customer_email":"hoomenghui2@gmail.com","customer_phone":"0127612283","payment_method":"e-wallet","cart":[{"id":15,"name":"A45","price":220,"quantity":1,"rentalDays":1,"services":{"gps":true},"servicePrices":{"gps":15},"startDateTime":"2026-02-12 12:00","endDateTime":"2026-02-13 12:00","dateConfirmed":true,"pickupState":"Selangor","pickupLocation":"KLIA Airport - Terminal 1","dropoffState":"Selangor","dropoffLocation":"KLIA Airport - Terminal 1","driverAge":"under-25"}],"total_amount":245,"discount_amount":0,"promo_code":null,"tax_amount":14.7,"service_fee":15,"grand_total":274.7}
Validation passed
Booking ref: BK20260208001
Amounts - Total: 245.00, Discount: 0.00, Tax: 14.70, Fee: 15.00, Grand: 274.70, Promo: null
ERROR: Unknown column 'discount_amount' in 'field list'
Stack: #0 C:\xampp\htdocs\CARRENTALSYSTEM\process_booking.php(81): mysqli->prepare('INSERT INTO boo...')
#1 {main}

[2026-02-07 17:57:23] === BOOKING START ===
Input: {"user_id":109,"customer_name":"MENGHUI2","customer_email":"hoomenghui2@gmail.com","customer_phone":"0127612283","payment_method":"e-wallet","cart":[{"id":15,"name":"A45","price":220,"quantity":1,"rentalDays":1,"services":{"gps":true},"servicePrices":{"gps":15},"startDateTime":"2026-02-12 12:00","endDateTime":"2026-02-13 12:00","dateConfirmed":true,"pickupState":"Selangor","pickupLocation":"KLIA Airport - Terminal 1","dropoffState":"Selangor","dropoffLocation":"KLIA Airport - Terminal 1","driverAge":"under-25"}],"total_amount":245,"discount_amount":0,"promo_code":null,"tax_amount":14.7,"service_fee":15,"grand_total":274.7}
Validation passed
Booking ref: BK20260208001
Amounts - Total: 245.00, Discount: 0.00, Tax: 14.70, Fee: 15.00, Grand: 274.70, Promo: null
ERROR: Unknown column 'discount_amount' in 'field list'
Stack: #0 C:\xampp\htdocs\CARRENTALSYSTEM\process_booking.php(81): mysqli->prepare('INSERT INTO boo...')
#1 {main}

[2026-02-07 17:58:17] === BOOKING START ===
Input: {"user_id":109,"customer_name":"MENGHUI2","customer_email":"hoomenghui2@gmail.com","customer_phone":"0127612283","payment_method":"e-wallet","cart":[{"id":15,"name":"A45","price":220,"quantity":1,"rentalDays":1,"services":{"gps":true},"servicePrices":{"gps":15},"startDateTime":"2026-02-12 12:00","endDateTime":"2026-02-13 12:00","dateConfirmed":true,"pickupState":"Selangor","pickupLocation":"KLIA Airport - Terminal 1","dropoffState":"Selangor","dropoffLocation":"KLIA Airport - Terminal 1","driverAge":"under-25"}],"total_amount":245,"discount_amount":0,"promo_code":null,"tax_amount":14.7,"service_fee":15,"grand_total":274.7}
Validation passed
Booking ref: BK20260208001
Amounts - Total: 245.00, Discount: 0.00, Tax: 14.70, Fee: 15.00, Grand: 274.70, Promo: null
Booking inserted: ID 7
ERROR: Unknown column 'car_name' in 'field list'
Stack: #0 C:\xampp\htdocs\CARRENTALSYSTEM\process_booking.php(146): mysqli->prepare('INSERT INTO boo...')
#1 {main}

[2026-02-07 17:58:24] === BOOKING START ===
Input: {"user_id":109,"customer_name":"MENGHUI2","customer_email":"hoomenghui2@gmail.com","customer_phone":"0127612283","payment_method":"e-wallet","cart":[{"id":15,"name":"A45","price":220,"quantity":1,"rentalDays":1,"services":{"gps":true},"servicePrices":{"gps":15},"startDateTime":"2026-02-12 12:00","endDateTime":"2026-02-13 12:00","dateConfirmed":true,"pickupState":"Selangor","pickupLocation":"KLIA Airport - Terminal 1","dropoffState":"Selangor","dropoffLocation":"KLIA Airport - Terminal 1","driverAge":"under-25"}],"total_amount":245,"discount_amount":0,"promo_code":null,"tax_amount":14.7,"service_fee":15,"grand_total":274.7}
Validation passed
Booking ref: BK20260208001
Amounts - Total: 245.00, Discount: 0.00, Tax: 14.70, Fee: 15.00, Grand: 274.70, Promo: null
Booking inserted: ID 8
ERROR: Unknown column 'car_name' in 'field list'
Stack: #0 C:\xampp\htdocs\CARRENTALSYSTEM\process_booking.php(146): mysqli->prepare('INSERT INTO boo...')
#1 {main}

[2026-02-07 18:00:02] === BOOKING START ===
Input: {"user_id":109,"customer_name":"MENGHUI2","customer_email":"hoomenghui2@gmail.com","customer_phone":"0127612283","payment_method":"e-wallet","cart":[{"id":15,"name":"A45","price":220,"quantity":1,"rentalDays":1,"services":{"gps":true},"servicePrices":{"gps":15},"startDateTime":"2026-02-12 12:00","endDateTime":"2026-02-13 12:00","dateConfirmed":true,"pickupState":"Selangor","pickupLocation":"KLIA Airport - Terminal 1","dropoffState":"Selangor","dropoffLocation":"KLIA Airport - Terminal 1","driverAge":"under-25"}],"total_amount":245,"discount_amount":0,"promo_code":null,"tax_amount":14.7,"service_fee":15,"grand_total":274.7}
Validation passed
Booking ref: BK20260208001
Amounts - Total: 245.00, Discount: 0.00, Tax: 14.70, Fee: 15.00, Grand: 274.70, Promo: null
Booking inserted: ID 9
ERROR: Unknown column 'rental_type' in 'field list'
Stack: #0 C:\xampp\htdocs\CARRENTALSYSTEM\process_booking.php(146): mysqli->prepare('INSERT INTO boo...')
#1 {main}

[2026-02-07 18:01:01] === BOOKING START ===
Input: {"user_id":109,"customer_name":"MENGHUI2","customer_email":"hoomenghui2@gmail.com","customer_phone":"0127612283","payment_method":"e-wallet","cart":[{"id":15,"name":"A45","price":220,"quantity":1,"rentalDays":1,"services":{"gps":true},"servicePrices":{"gps":15},"startDateTime":"2026-02-12 12:00","endDateTime":"2026-02-13 12:00","dateConfirmed":true,"pickupState":"Selangor","pickupLocation":"KLIA Airport - Terminal 1","dropoffState":"Selangor","dropoffLocation":"KLIA Airport - Terminal 1","driverAge":"under-25"}],"total_amount":245,"discount_amount":0,"promo_code":null,"tax_amount":14.7,"service_fee":15,"grand_total":274.7}
Validation passed
Booking ref: BK20260208001
Amounts - Total: 245.00, Discount: 0.00, Tax: 14.70, Fee: 15.00, Grand: 274.70, Promo: null
Booking inserted: ID 10
ERROR: Unknown column 'duration' in 'field list'
Stack: #0 C:\xampp\htdocs\CARRENTALSYSTEM\process_booking.php(146): mysqli->prepare('INSERT INTO boo...')
#1 {main}

[2026-02-07 18:01:05] === BOOKING START ===
Input: {"user_id":109,"customer_name":"MENGHUI2","customer_email":"hoomenghui2@gmail.com","customer_phone":"0127612283","payment_method":"e-wallet","cart":[{"id":15,"name":"A45","price":220,"quantity":1,"rentalDays":1,"services":{"gps":true},"servicePrices":{"gps":15},"startDateTime":"2026-02-12 12:00","endDateTime":"2026-02-13 12:00","dateConfirmed":true,"pickupState":"Selangor","pickupLocation":"KLIA Airport - Terminal 1","dropoffState":"Selangor","dropoffLocation":"KLIA Airport - Terminal 1","driverAge":"under-25"}],"total_amount":245,"discount_amount":0,"promo_code":null,"tax_amount":14.7,"service_fee":15,"grand_total":274.7}
Validation passed
Booking ref: BK20260208001
Amounts - Total: 245.00, Discount: 0.00, Tax: 14.70, Fee: 15.00, Grand: 274.70, Promo: null
Booking inserted: ID 11
ERROR: Unknown column 'duration' in 'field list'
Stack: #0 C:\xampp\htdocs\CARRENTALSYSTEM\process_booking.php(146): mysqli->prepare('INSERT INTO boo...')
#1 {main}

[2026-02-07 18:05:05] === BOOKING START ===
Input: {"user_id":109,"customer_name":"MENGHUI2","customer_email":"hoomenghui2@gmail.com","customer_phone":"0127612283","payment_method":"e-wallet","cart":[{"id":15,"name":"A45","price":220,"quantity":1,"rentalDays":1,"services":{"gps":true},"servicePrices":{"gps":15},"startDateTime":"2026-02-12 12:00","endDateTime":"2026-02-13 12:00","dateConfirmed":true,"pickupState":"Selangor","pickupLocation":"KLIA Airport - Terminal 1","dropoffState":"Selangor","dropoffLocation":"KLIA Airport - Terminal 1","driverAge":"under-25"}],"total_amount":245,"discount_amount":0,"promo_code":null,"tax_amount":14.7,"service_fee":15,"grand_total":274.7}
Validation passed
Booking ref: BK20260208001
Amounts - Total: 245.00, Discount: 0.00, Tax: 14.70, Fee: 15.00, Grand: 274.70, Promo: null
Booking inserted: ID 12
ERROR: Unknown column 'pickup_state' in 'field list'
Stack: #0 C:\xampp\htdocs\CARRENTALSYSTEM\process_booking.php(146): mysqli->prepare('INSERT INTO boo...')
#1 {main}

[2026-02-07 18:05:08] === BOOKING START ===
Input: {"user_id":109,"customer_name":"MENGHUI2","customer_email":"hoomenghui2@gmail.com","customer_phone":"0127612283","payment_method":"e-wallet","cart":[{"id":15,"name":"A45","price":220,"quantity":1,"rentalDays":1,"services":{"gps":true},"servicePrices":{"gps":15},"startDateTime":"2026-02-12 12:00","endDateTime":"2026-02-13 12:00","dateConfirmed":true,"pickupState":"Selangor","pickupLocation":"KLIA Airport - Terminal 1","dropoffState":"Selangor","dropoffLocation":"KLIA Airport - Terminal 1","driverAge":"under-25"}],"total_amount":245,"discount_amount":0,"promo_code":null,"tax_amount":14.7,"service_fee":15,"grand_total":274.7}
Validation passed
Booking ref: BK20260208001
Amounts - Total: 245.00, Discount: 0.00, Tax: 14.70, Fee: 15.00, Grand: 274.70, Promo: null
Booking inserted: ID 13
ERROR: Unknown column 'pickup_state' in 'field list'
Stack: #0 C:\xampp\htdocs\CARRENTALSYSTEM\process_booking.php(146): mysqli->prepare('INSERT INTO boo...')
#1 {main}

[2026-02-07 18:06:28] === BOOKING START ===
Input: {"user_id":109,"customer_name":"MENGHUI2","customer_email":"hoomenghui2@gmail.com","customer_phone":"0127612283","payment_method":"e-wallet","cart":[{"id":15,"name":"A45","price":220,"quantity":1,"rentalDays":1,"services":{"gps":true},"servicePrices":{"gps":15},"startDateTime":"2026-02-12 12:00","endDateTime":"2026-02-13 12:00","dateConfirmed":true,"pickupState":"Selangor","pickupLocation":"KLIA Airport - Terminal 1","dropoffState":"Selangor","dropoffLocation":"KLIA Airport - Terminal 1","driverAge":"under-25"}],"total_amount":245,"discount_amount":0,"promo_code":null,"tax_amount":14.7,"service_fee":15,"grand_total":274.7}
Validation passed
Booking ref: BK20260208001
Amounts - Total: 245.00, Discount: 0.00, Tax: 14.70, Fee: 15.00, Grand: 274.70, Promo: null
Booking inserted: ID 14
ERROR: Unknown column 'base_price' in 'field list'
Stack: #0 C:\xampp\htdocs\CARRENTALSYSTEM\process_booking.php(146): mysqli->prepare('INSERT INTO boo...')
#1 {main}

[2026-02-07 18:07:16] === BOOKING START ===
Input: {"user_id":109,"customer_name":"MENGHUI2","customer_email":"hoomenghui2@gmail.com","customer_phone":"0127612283","payment_method":"e-wallet","cart":[{"id":15,"name":"A45","price":220,"quantity":1,"rentalDays":1,"services":{"gps":true},"servicePrices":{"gps":15},"startDateTime":"2026-02-12 12:00","endDateTime":"2026-02-13 12:00","dateConfirmed":true,"pickupState":"Selangor","pickupLocation":"KLIA Airport - Terminal 1","dropoffState":"Selangor","dropoffLocation":"KLIA Airport - Terminal 1","driverAge":"under-25"}],"total_amount":245,"discount_amount":0,"promo_code":null,"tax_amount":14.7,"service_fee":15,"grand_total":274.7}
Validation passed
Booking ref: BK20260208001
Amounts - Total: 245.00, Discount: 0.00, Tax: 14.70, Fee: 15.00, Grand: 274.70, Promo: null
Booking inserted: ID 15
ERROR: Unknown column 'base_price' in 'field list'
Stack: #0 C:\xampp\htdocs\CARRENTALSYSTEM\process_booking.php(146): mysqli->prepare('INSERT INTO boo...')
#1 {main}

[2026-02-07 18:07:25] === BOOKING START ===
Input: {"user_id":109,"customer_name":"MENGHUI2","customer_email":"hoomenghui2@gmail.com","customer_phone":"0127612283","payment_method":"e-wallet","cart":[{"id":15,"name":"A45","price":220,"quantity":1,"rentalDays":1,"services":{"gps":true},"servicePrices":{"gps":15},"startDateTime":"2026-02-12 12:00","endDateTime":"2026-02-13 12:00","dateConfirmed":true,"pickupState":"Selangor","pickupLocation":"KLIA Airport - Terminal 1","dropoffState":"Selangor","dropoffLocation":"KLIA Airport - Terminal 1","driverAge":"under-25"}],"total_amount":245,"discount_amount":0,"promo_code":null,"tax_amount":14.7,"service_fee":15,"grand_total":274.7}
Validation passed
Booking ref: BK20260208001
Amounts - Total: 245.00, Discount: 0.00, Tax: 14.70, Fee: 15.00, Grand: 274.70, Promo: null
Booking inserted: ID 16
ERROR: Unknown column 'base_price' in 'field list'
Stack: #0 C:\xampp\htdocs\CARRENTALSYSTEM\process_booking.php(146): mysqli->prepare('INSERT INTO boo...')
#1 {main}

[2026-02-07 18:08:37] === BOOKING START ===
Input: {"user_id":109,"customer_name":"MENGHUI2","customer_email":"hoomenghui2@gmail.com","customer_phone":"0127612283","payment_method":"e-wallet","cart":[{"id":15,"name":"A45","price":220,"quantity":1,"rentalDays":1,"services":{"gps":true},"servicePrices":{"gps":15},"startDateTime":"2026-02-12 12:00","endDateTime":"2026-02-13 12:00","dateConfirmed":true,"pickupState":"Selangor","pickupLocation":"KLIA Airport - Terminal 1","dropoffState":"Selangor","dropoffLocation":"KLIA Airport - Terminal 1","driverAge":"under-25"}],"total_amount":245,"discount_amount":0,"promo_code":null,"tax_amount":14.7,"service_fee":15,"grand_total":274.7}
Validation passed
Booking ref: BK20260208001
Amounts - Total: 245.00, Discount: 0.00, Tax: 14.70, Fee: 15.00, Grand: 274.70, Promo: null
Booking inserted: ID 17
ERROR: Unknown column 'services_cost' in 'field list'
Stack: #0 C:\xampp\htdocs\CARRENTALSYSTEM\process_booking.php(146): mysqli->prepare('INSERT INTO boo...')
#1 {main}

[2026-02-07 18:09:34] === BOOKING START ===
Input: {"user_id":109,"customer_name":"MENGHUI2","customer_email":"hoomenghui2@gmail.com","customer_phone":"0127612283","payment_method":"e-wallet","cart":[{"id":15,"name":"A45","price":220,"quantity":1,"rentalDays":1,"services":{"gps":true},"servicePrices":{"gps":15},"startDateTime":"2026-02-12 12:00","endDateTime":"2026-02-13 12:00","dateConfirmed":true,"pickupState":"Selangor","pickupLocation":"KLIA Airport - Terminal 1","dropoffState":"Selangor","dropoffLocation":"KLIA Airport - Terminal 1","driverAge":"under-25"}],"total_amount":245,"discount_amount":0,"promo_code":null,"tax_amount":14.7,"service_fee":15,"grand_total":274.7}
Validation passed
Booking ref: BK20260208001
Amounts - Total: 245.00, Discount: 0.00, Tax: 14.70, Fee: 15.00, Grand: 274.70, Promo: null
Booking inserted: ID 18
ERROR: Unknown column 'services_cost' in 'field list'
Stack: #0 C:\xampp\htdocs\CARRENTALSYSTEM\process_booking.php(146): mysqli->prepare('INSERT INTO boo...')
#1 {main}

[2026-02-07 18:09:54] === BOOKING START ===
Input: {"user_id":109,"customer_name":"MENGHUI2","customer_email":"hoomenghui2@gmail.com","customer_phone":"0127612283","payment_method":"e-wallet","cart":[{"id":15,"name":"A45","price":220,"quantity":1,"rentalDays":1,"services":{"gps":true},"servicePrices":{"gps":15},"startDateTime":"2026-02-12 12:00","endDateTime":"2026-02-13 12:00","dateConfirmed":true,"pickupState":"Selangor","pickupLocation":"KLIA Airport - Terminal 1","dropoffState":"Selangor","dropoffLocation":"KLIA Airport - Terminal 1","driverAge":"under-25"}],"total_amount":245,"discount_amount":0,"promo_code":null,"tax_amount":14.7,"service_fee":15,"grand_total":274.7}
Validation passed
Booking ref: BK20260208001
Amounts - Total: 245.00, Discount: 0.00, Tax: 14.70, Fee: 15.00, Grand: 274.70, Promo: null
Booking inserted: ID 19
ERROR: Unknown column 'age_surcharge' in 'field list'
Stack: #0 C:\xampp\htdocs\CARRENTALSYSTEM\process_booking.php(146): mysqli->prepare('INSERT INTO boo...')
#1 {main}

[2026-02-07 18:11:21] === BOOKING START ===
Input: {"user_id":109,"customer_name":"MENGHUI2","customer_email":"hoomenghui2@gmail.com","customer_phone":"0127612283","payment_method":"e-wallet","cart":[{"id":15,"name":"A45","price":220,"quantity":1,"rentalDays":1,"services":{"gps":true},"servicePrices":{"gps":15},"startDateTime":"2026-02-12 12:00","endDateTime":"2026-02-13 12:00","dateConfirmed":true,"pickupState":"Selangor","pickupLocation":"KLIA Airport - Terminal 1","dropoffState":"Selangor","dropoffLocation":"KLIA Airport - Terminal 1","driverAge":"under-25"}],"total_amount":245,"discount_amount":0,"promo_code":null,"tax_amount":14.7,"service_fee":15,"grand_total":274.7}
Validation passed
Booking ref: BK20260208001
Amounts - Total: 245.00, Discount: 0.00, Tax: 14.70, Fee: 15.00, Grand: 274.70, Promo: null
Booking inserted: ID 20
ERROR: Unknown column 'insurance_cost' in 'field list'
Stack: #0 C:\xampp\htdocs\CARRENTALSYSTEM\process_booking.php(146): mysqli->prepare('INSERT INTO boo...')
#1 {main}

[2026-02-07 18:11:23] === BOOKING START ===
Input: {"user_id":109,"customer_name":"MENGHUI2","customer_email":"hoomenghui2@gmail.com","customer_phone":"0127612283","payment_method":"e-wallet","cart":[{"id":15,"name":"A45","price":220,"quantity":1,"rentalDays":1,"services":{"gps":true},"servicePrices":{"gps":15},"startDateTime":"2026-02-12 12:00","endDateTime":"2026-02-13 12:00","dateConfirmed":true,"pickupState":"Selangor","pickupLocation":"KLIA Airport - Terminal 1","dropoffState":"Selangor","dropoffLocation":"KLIA Airport - Terminal 1","driverAge":"under-25"}],"total_amount":245,"discount_amount":0,"promo_code":null,"tax_amount":14.7,"service_fee":15,"grand_total":274.7}
Validation passed
Booking ref: BK20260208001
Amounts - Total: 245.00, Discount: 0.00, Tax: 14.70, Fee: 15.00, Grand: 274.70, Promo: null
Booking inserted: ID 21
ERROR: Unknown column 'insurance_cost' in 'field list'
Stack: #0 C:\xampp\htdocs\CARRENTALSYSTEM\process_booking.php(146): mysqli->prepare('INSERT INTO boo...')
#1 {main}

[2026-02-07 18:13:44] === BOOKING START ===
Input: {"user_id":109,"customer_name":"MENGHUI2","customer_email":"hoomenghui2@gmail.com","customer_phone":"0127612283","payment_method":"e-wallet","cart":[{"id":15,"name":"A45","price":220,"quantity":1,"rentalDays":1,"services":{"gps":true},"servicePrices":{"gps":15},"startDateTime":"2026-02-12 12:00","endDateTime":"2026-02-13 12:00","dateConfirmed":true,"pickupState":"Selangor","pickupLocation":"KLIA Airport - Terminal 1","dropoffState":"Selangor","dropoffLocation":"KLIA Airport - Terminal 1","driverAge":"under-25"}],"total_amount":245,"discount_amount":0,"promo_code":null,"tax_amount":14.7,"service_fee":15,"grand_total":274.7}
Validation passed
Booking ref: BK20260208001
Amounts - Total: 245.00, Discount: 0.00, Tax: 14.70, Fee: 15.00, Grand: 274.70, Promo: null
Booking inserted: ID 22
ERROR: Unknown column 'fuel_cost' in 'field list'
Stack: #0 C:\xampp\htdocs\CARRENTALSYSTEM\process_booking.php(146): mysqli->prepare('INSERT INTO boo...')
#1 {main}

[2026-02-07 18:13:57] === BOOKING START ===
Input: {"user_id":109,"customer_name":"MENGHUI2","customer_email":"hoomenghui2@gmail.com","customer_phone":"0127612283","payment_method":"e-wallet","cart":[{"id":15,"name":"A45","price":220,"quantity":1,"rentalDays":1,"services":{"gps":true},"servicePrices":{"gps":15},"startDateTime":"2026-02-12 12:00","endDateTime":"2026-02-13 12:00","dateConfirmed":true,"pickupState":"Selangor","pickupLocation":"KLIA Airport - Terminal 1","dropoffState":"Selangor","dropoffLocation":"KLIA Airport - Terminal 1","driverAge":"under-25"}],"total_amount":245,"discount_amount":0,"promo_code":null,"tax_amount":14.7,"service_fee":15,"grand_total":274.7}
Validation passed
Booking ref: BK20260208001
Amounts - Total: 245.00, Discount: 0.00, Tax: 14.70, Fee: 15.00, Grand: 274.70, Promo: null
Booking inserted: ID 23
ERROR: Unknown column 'fuel_cost' in 'field list'
Stack: #0 C:\xampp\htdocs\CARRENTALSYSTEM\process_booking.php(146): mysqli->prepare('INSERT INTO boo...')
#1 {main}

[2026-02-07 18:17:08] === BOOKING START ===
Input: {"user_id":109,"customer_name":"MENGHUI2","customer_email":"hoomenghui2@gmail.com","customer_phone":"0127612283","payment_method":"e-wallet","cart":[{"id":15,"name":"A45","price":220,"quantity":1,"rentalDays":1,"services":{"gps":true},"servicePrices":{"gps":15},"startDateTime":"2026-02-12 12:00","endDateTime":"2026-02-13 12:00","dateConfirmed":true,"pickupState":"Selangor","pickupLocation":"KLIA Airport - Terminal 1","dropoffState":"Selangor","dropoffLocation":"KLIA Airport - Terminal 1","driverAge":"under-25"}],"total_amount":245,"discount_amount":0,"promo_code":null,"tax_amount":14.7,"service_fee":15,"grand_total":274.7}
Validation passed
Booking ref: BK20260208001
Amounts - Total: 245.00, Discount: 0.00, Tax: 14.70, Fee: 15.00, Grand: 274.70, Promo: null
Booking inserted: ID 24
ERROR: Unknown column 'fuel_cost' in 'field list'
Stack: #0 C:\xampp\htdocs\CARRENTALSYSTEM\process_booking.php(146): mysqli->prepare('INSERT INTO boo...')
#1 {main}

[2026-02-07 18:17:18] === BOOKING START ===
Input: {"user_id":109,"customer_name":"MENGHUI2","customer_email":"hoomenghui2@gmail.com","customer_phone":"0127612283","payment_method":"e-wallet","cart":[{"id":15,"name":"A45","price":220,"quantity":1,"rentalDays":1,"services":{"gps":true},"servicePrices":{"gps":15},"startDateTime":"2026-02-12 12:00","endDateTime":"2026-02-13 12:00","dateConfirmed":true,"pickupState":"Selangor","pickupLocation":"KLIA Airport - Terminal 1","dropoffState":"Selangor","dropoffLocation":"KLIA Airport - Terminal 1","driverAge":"under-25"}],"total_amount":245,"discount_amount":0,"promo_code":null,"tax_amount":14.7,"service_fee":15,"grand_total":274.7}
Validation passed
Booking ref: BK20260208001
Amounts - Total: 245.00, Discount: 0.00, Tax: 14.70, Fee: 15.00, Grand: 274.70, Promo: null
Booking inserted: ID 25
ERROR: Unknown column 'fuel_cost' in 'field list'
Stack: #0 C:\xampp\htdocs\CARRENTALSYSTEM\process_booking.php(146): mysqli->prepare('INSERT INTO boo...')
#1 {main}

[2026-02-07 18:19:49] === BOOKING START ===
Input: {"user_id":109,"customer_name":"MENGHUI2","customer_email":"hoomenghui2@gmail.com","customer_phone":"0127612283","payment_method":"e-wallet","cart":[{"id":15,"name":"A45","price":220,"quantity":1,"rentalDays":1,"services":{"gps":true},"servicePrices":{"gps":15},"startDateTime":"2026-02-12 12:00","endDateTime":"2026-02-13 12:00","dateConfirmed":true,"pickupState":"Selangor","pickupLocation":"KLIA Airport - Terminal 1","dropoffState":"Selangor","dropoffLocation":"KLIA Airport - Terminal 1","driverAge":"under-25"}],"total_amount":245,"discount_amount":0,"promo_code":null,"tax_amount":14.7,"service_fee":15,"grand_total":274.7}
Validation passed
Booking ref: BK20260208001
Amounts - Total: 245.00, Discount: 0.00, Tax: 14.70, Fee: 15.00, Grand: 274.70, Promo: null
Booking inserted: ID 26
Item 0 inserted: ID 14
ERROR: Table 'car_rental_db.booking_services' doesn't exist
Stack: #0 C:\xampp\htdocs\CARRENTALSYSTEM\process_booking.php(251): mysqli->prepare('INSERT INTO boo...')
#1 {main}

[2026-02-07 18:20:38] === BOOKING START ===
Input: {"user_id":109,"customer_name":"MENGHUI2","customer_email":"hoomenghui2@gmail.com","customer_phone":"0127612283","payment_method":"e-wallet","cart":[{"id":15,"name":"A45","price":220,"quantity":1,"rentalDays":1,"services":{"gps":true},"servicePrices":{"gps":15},"startDateTime":"2026-02-12 12:00","endDateTime":"2026-02-13 12:00","dateConfirmed":true,"pickupState":"Selangor","pickupLocation":"KLIA Airport - Terminal 1","dropoffState":"Selangor","dropoffLocation":"KLIA Airport - Terminal 1","driverAge":"under-25"}],"total_amount":245,"discount_amount":0,"promo_code":null,"tax_amount":14.7,"service_fee":15,"grand_total":274.7}
Validation passed
Booking ref: BK20260208001
Amounts - Total: 245.00, Discount: 0.00, Tax: 14.70, Fee: 15.00, Grand: 274.70, Promo: null
Booking inserted: ID 27
Item 0 inserted: ID 15
Service gps inserted
=== BOOKING SUCCESS ===

[2026-02-07 18:33:21] === BOOKING START ===
Input: {"user_id":109,"customer_name":"MENGHUI2","customer_email":"hoomenghui2@gmail.com","customer_phone":"0127612283","payment_method":"e-wallet","cart":[{"id":15,"name":"A45","price":220,"quantity":1,"rentalDays":1,"startDateTime":"2026-02-18 12:00","endDateTime":"2026-02-19 12:00","dateConfirmed":true,"pickupState":"Selangor","pickupLocation":"KLIA Airport - Terminal 1","dropoffState":"Selangor","dropoffLocation":"KLIA Airport - Terminal 1","driverAge":"under-25"}],"total_amount":230,"discount_amount":0,"promo_code":null,"tax_amount":13.8,"service_fee":15,"grand_total":258.8}
Validation passed
Booking ref: BK20260208002
Amounts - Total: 230.00, Discount: 0.00, Tax: 13.80, Fee: 15.00, Grand: 258.80, Promo: null
Booking inserted: ID 28
Car ID 15 LOCKED (availability=0)
Item 0 inserted: ID 0
=== BOOKING SUCCESS ===

[2026-02-07 18:34:14] === BOOKING START ===
Input: {"user_id":109,"customer_name":"MENGHUI2","customer_email":"hoomenghui2@gmail.com","customer_phone":"0127612283","payment_method":"e-wallet","cart":[{"id":16,"name":"Myvi","price":70,"quantity":1,"rentalDays":1,"startDateTime":"2026-02-11 12:00","endDateTime":"2026-02-13 12:00","dateConfirmed":true,"pickupState":"Selangor","pickupLocation":"KLIA Airport - Terminal 1","dropoffState":"Selangor","dropoffLocation":"KLIA Airport - Terminal 1","driverAge":"under-25"}],"total_amount":160,"discount_amount":0,"promo_code":null,"tax_amount":9.6,"service_fee":15,"grand_total":184.6}
Validation passed
Booking ref: BK20260208003
Amounts - Total: 160.00, Discount: 0.00, Tax: 9.60, Fee: 15.00, Grand: 184.60, Promo: null
Booking inserted: ID 29
Car ID 16 LOCKED (availability=0)
Item 0 inserted: ID 0
=== BOOKING SUCCESS ===

[2026-02-07 18:38:04] === BOOKING START ===
Input: {"user_id":109,"customer_name":"MENGHUI2","customer_email":"hoomenghui2@gmail.com","customer_phone":"0127612283","payment_method":"e-wallet","cart":[{"id":3,"name":"Perodua Alza","price":90,"quantity":1,"rentalDays":1,"startDateTime":"2026-02-13 12:00","endDateTime":"2026-02-14 12:00","dateConfirmed":true,"pickupState":"Selangor","pickupLocation":"KLIA Airport - Terminal 1","dropoffState":"Selangor","dropoffLocation":"KLIA Airport - Terminal 1","driverAge":"under-25"}],"total_amount":100,"discount_amount":0,"promo_code":null,"tax_amount":6,"service_fee":15,"grand_total":121}
Validation passed
Booking ref: BK20260208004
Amounts - Total: 100.00, Discount: 0.00, Tax: 6.00, Fee: 15.00, Grand: 121.00, Promo: null
Booking inserted: ID 30
Car ID 3 LOCKED (availability=0)
Item 0 inserted: ID 0
=== BOOKING SUCCESS ===

[2026-02-07 18:40:14] === BOOKING START ===
Input: {"user_id":109,"customer_name":"MENGHUI2","customer_email":"hoomenghui2@gmail.com","customer_phone":"0127612283","payment_method":"e-wallet","cart":[{"id":2,"name":"Toyota Vios","price":80,"quantity":1,"rentalDays":1,"rentalType":"hourly","startDateTime":"2026-02-12 12:00","endDateTime":"2026-02-12 14:00","driverAge":"under-25"}],"total_amount":20,"discount_amount":0,"promo_code":null,"tax_amount":1.2,"service_fee":15,"grand_total":36.2}
Validation passed
Booking ref: BK20260208005
Amounts - Total: 20.00, Discount: 0.00, Tax: 1.20, Fee: 15.00, Grand: 36.20, Promo: null
Booking inserted: ID 31
Car ID 2 LOCKED (availability=0)
Item 0 inserted: ID 0
=== BOOKING SUCCESS ===

[2026-02-07 18:43:19] === BOOKING START ===
Input: {"user_id":109,"customer_name":"MENGHUI2","customer_email":"hoomenghui2@gmail.com","customer_phone":"0127612283","payment_method":"e-wallet","cart":[{"id":2,"name":"Toyota Vios","price":80,"quantity":1,"rentalDays":1,"startDateTime":"2026-02-12 12:00","endDateTime":"2026-02-13 12:00","dateConfirmed":true,"pickupState":"Selangor","pickupLocation":"KLIA Airport - Terminal 1","dropoffState":"Selangor","dropoffLocation":"KLIA Airport - Terminal 1","driverAge":"under-25"}],"total_amount":90,"discount_amount":0,"promo_code":null,"tax_amount":5.4,"service_fee":15,"grand_total":110.4}
Validation passed
Booking ref: BK20260208006
Amounts - Total: 90.00, Discount: 0.00, Tax: 5.40, Fee: 15.00, Grand: 110.40, Promo: null
Booking inserted: ID 32
Car ID 2 LOCKED (availability=0)
Item 0 inserted: ID 0
=== BOOKING SUCCESS ===

[2026-02-07 19:38:15] === BOOKING START ===
Input: {"user_id":109,"customer_name":"MENGHUI2","customer_email":"hoomenghui2@gmail.com","customer_phone":"0127612283","payment_method":"e-wallet","cart":[{"id":2,"name":"Toyota Vios","price":80,"quantity":1,"rentalDays":1,"startDateTime":"2026-02-12 12:00","endDateTime":"2026-02-14 12:00","dateConfirmed":true,"pickupState":"Selangor","pickupLocation":"KLIA Airport - Terminal 1","dropoffState":"Selangor","dropoffLocation":"KLIA Airport - Terminal 1"}],"total_amount":160,"discount_amount":0,"promo_code":null,"tax_amount":9.6,"service_fee":15,"grand_total":184.6}
Validation passed
Booking ref: BK20260208007
Amounts - Total: 160.00, Discount: 0.00, Tax: 9.60, Fee: 15.00, Grand: 184.60, Promo: null
Booking inserted: ID 33
Car ID 2 LOCKED (availability=0)
Item 0 inserted: ID 0
=== BOOKING SUCCESS ===

[2026-02-07 19:51:31] === BOOKING START ===
Input: {"user_id":109,"customer_name":"MENGHUI2","customer_email":"hoomenghui2@gmail.com","customer_phone":"0127612283","payment_method":"e-wallet","cart":[{"id":3,"name":"Perodua Alza","price":90,"quantity":1,"rentalDays":1,"services":{"childSeat":true,"gps":true,"additionalDriver":true,"insurance":true,"dashcam":true,"wifi":true,"tollCard":true,"roofRack":true,"bluetooth":true,"cooler":true},"servicePrices":{"childSeat":10,"gps":15,"additionalDriver":20,"insurance":30,"dashcam":12,"wifi":8,"tollCard":5,"roofRack":25,"bluetooth":6,"cooler":15},"startDateTime":"2026-02-09 12:00","endDateTime":"2026-02-11 12:00","dateConfirmed":false,"pickupState":"Selangor","pickupLocation":"KLIA Airport - Terminal 1","dropoffState":"Selangor","dropoffLocation":"KLIA Airport - Terminal 1"}],"total_amount":472,"discount_amount":0,"promo_code":null,"tax_amount":28.32,"service_fee":15,"grand_total":515.32}
Validation passed
Booking ref: BK20260208008
Amounts - Total: 472.00, Discount: 0.00, Tax: 28.32, Fee: 15.00, Grand: 515.32, Promo: null
Booking inserted: ID 34
Car ID 3 LOCKED (availability=0)
Item 0 inserted: ID 0
ERROR: Cannot add or update a child row: a foreign key constraint fails (`car_rental_db`.`booking_services`, CONSTRAINT `booking_services_ibfk_1` FOREIGN KEY (`booking_item_id`) REFERENCES `booking_items` (`id`) ON DELETE CASCADE)
Stack: #0 C:\xampp\htdocs\CARRENTALSYSTEM\process_booking.php(261): mysqli_stmt->execute()
#1 {main}

[2026-02-07 19:51:43] === BOOKING START ===
Input: {"user_id":109,"customer_name":"MENGHUI2","customer_email":"hoomenghui2@gmail.com","customer_phone":"0127612283","payment_method":"e-wallet","cart":[{"id":3,"name":"Perodua Alza","price":90,"quantity":1,"rentalDays":1,"services":{"childSeat":true,"gps":true,"additionalDriver":true,"insurance":true,"dashcam":true,"wifi":true,"tollCard":true,"roofRack":true,"bluetooth":true,"cooler":true},"servicePrices":{"childSeat":10,"gps":15,"additionalDriver":20,"insurance":30,"dashcam":12,"wifi":8,"tollCard":5,"roofRack":25,"bluetooth":6,"cooler":15},"startDateTime":"2026-02-09 12:00","endDateTime":"2026-02-11 12:00","dateConfirmed":false,"pickupState":"Selangor","pickupLocation":"KLIA Airport - Terminal 1","dropoffState":"Selangor","dropoffLocation":"KLIA Airport - Terminal 1"}],"total_amount":472,"discount_amount":0,"promo_code":null,"tax_amount":28.32,"service_fee":15,"grand_total":515.32}
Validation passed
Booking ref: BK20260208008
Amounts - Total: 472.00, Discount: 0.00, Tax: 28.32, Fee: 15.00, Grand: 515.32, Promo: null
Booking inserted: ID 35
Car ID 3 LOCKED (availability=0)
Item 0 inserted: ID 0
ERROR: Cannot add or update a child row: a foreign key constraint fails (`car_rental_db`.`booking_services`, CONSTRAINT `booking_services_ibfk_1` FOREIGN KEY (`booking_item_id`) REFERENCES `booking_items` (`id`) ON DELETE CASCADE)
Stack: #0 C:\xampp\htdocs\CARRENTALSYSTEM\process_booking.php(261): mysqli_stmt->execute()
#1 {main}

[2026-02-07 19:57:22] === BOOKING START ===
Input: {"user_id":109,"customer_name":"MENGHUI2","customer_email":"hoomenghui2@gmail.com","customer_phone":"0127612283","payment_method":"e-wallet","cart":[{"id":3,"name":"Perodua Alza","price":90,"quantity":1,"rentalDays":1,"services":{"childSeat":true,"gps":true,"additionalDriver":true,"insurance":true,"dashcam":true,"wifi":true,"tollCard":true,"roofRack":true,"bluetooth":true,"cooler":true},"servicePrices":{"childSeat":10,"gps":15,"additionalDriver":20,"insurance":30,"dashcam":12,"wifi":8,"tollCard":5,"roofRack":25,"bluetooth":6,"cooler":15},"startDateTime":"2026-02-09 12:00","endDateTime":"2026-02-11 12:00","dateConfirmed":false,"pickupState":"Selangor","pickupLocation":"KLIA Airport - Terminal 1","dropoffState":"Selangor","dropoffLocation":"KLIA Airport - Terminal 1"}],"total_amount":472,"discount_amount":0,"promo_code":null,"tax_amount":28.32,"service_fee":15,"grand_total":515.32}
Validation passed
Booking ref: BK20260208008
Amounts - Total: 472.00, Discount: 0.00, Tax: 28.32, Fee: 15.00, Grand: 515.32, Promo: null
Booking inserted: ID 36
Car ID 3 LOCKED (availability=0)
Item 0 inserted: ID 0
ERROR: Cannot add or update a child row: a foreign key constraint fails (`car_rental_db`.`booking_services`, CONSTRAINT `booking_services_ibfk_1` FOREIGN KEY (`booking_item_id`) REFERENCES `booking_items` (`id`) ON DELETE CASCADE)
Stack: #0 C:\xampp\htdocs\CARRENTALSYSTEM\process_booking.php(261): mysqli_stmt->execute()
#1 {main}

[2026-02-07 20:16:53] === BOOKING START ===
Input: {"user_id":109,"customer_name":"MENGHUI2","customer_email":"hoomenghui2@gmail.com","customer_phone":"0127612283","payment_method":"e-wallet","cart":[{"id":3,"name":"Perodua Alza","price":90,"quantity":1,"rentalDays":1,"services":{"gps":true},"servicePrices":{"gps":15}}],"total_amount":105,"discount_amount":0,"promo_code":null,"tax_amount":6.3,"service_fee":15,"grand_total":126.3}
Validation passed
Booking ref: BK20260208008
Amounts - Total: 105.00, Discount: 0.00, Tax: 6.30, Fee: 15.00, Grand: 126.30, Promo: null
Booking inserted: ID 37
ERROR: Column 'start_datetime' cannot be null
Stack: #0 C:\xampp\htdocs\CARRENTALSYSTEM\process_booking.php(222): mysqli_stmt->execute()
#1 {main}

[2026-02-07 20:16:56] === BOOKING START ===
Input: {"user_id":109,"customer_name":"MENGHUI2","customer_email":"hoomenghui2@gmail.com","customer_phone":"0127612283","payment_method":"e-wallet","cart":[{"id":3,"name":"Perodua Alza","price":90,"quantity":1,"rentalDays":1,"services":{"gps":true},"servicePrices":{"gps":15}}],"total_amount":105,"discount_amount":0,"promo_code":null,"tax_amount":6.3,"service_fee":15,"grand_total":126.3}
Validation passed
Booking ref: BK20260208008
Amounts - Total: 105.00, Discount: 0.00, Tax: 6.30, Fee: 15.00, Grand: 126.30, Promo: null
Booking inserted: ID 38
ERROR: Column 'start_datetime' cannot be null
Stack: #0 C:\xampp\htdocs\CARRENTALSYSTEM\process_booking.php(222): mysqli_stmt->execute()
#1 {main}

[2026-02-07 20:17:19] === BOOKING START ===
Input: {"user_id":109,"customer_name":"MENGHUI2","customer_email":"hoomenghui2@gmail.com","customer_phone":"0127612283","payment_method":"e-wallet","cart":[{"id":3,"name":"Perodua Alza","price":90,"quantity":1,"rentalDays":1,"services":{"gps":true},"servicePrices":{"gps":15},"startDateTime":"2026-02-12 12:00","endDateTime":"2026-02-17 12:00","dateConfirmed":true,"pickupState":"Selangor","pickupLocation":"KLIA Airport - Terminal 1","dropoffState":"Selangor","dropoffLocation":"KLIA Airport - Terminal 1"}],"total_amount":525,"discount_amount":0,"promo_code":null,"tax_amount":31.5,"service_fee":15,"grand_total":571.5}
Validation passed
Booking ref: BK20260208008
Amounts - Total: 525.00, Discount: 0.00, Tax: 31.50, Fee: 15.00, Grand: 571.50, Promo: null
Booking inserted: ID 39
Car ID 3 LOCKED (availability=0)
Item 0 inserted: ID 0
ERROR: Cannot add or update a child row: a foreign key constraint fails (`car_rental_db`.`booking_services`, CONSTRAINT `booking_services_ibfk_1` FOREIGN KEY (`booking_item_id`) REFERENCES `booking_items` (`id`) ON DELETE CASCADE)
Stack: #0 C:\xampp\htdocs\CARRENTALSYSTEM\process_booking.php(261): mysqli_stmt->execute()
#1 {main}

[2026-02-07 20:17:42] === BOOKING START ===
Input: {"user_id":109,"customer_name":"MENGHUI2","customer_email":"hoomenghui2@gmail.com","customer_phone":"0127612283","payment_method":"e-wallet","cart":[{"id":3,"name":"Perodua Alza","price":90,"quantity":1,"rentalDays":1,"services":{"gps":true,"childSeat":true,"additionalDriver":true,"insurance":true,"dashcam":true,"wifi":true,"tollCard":true,"roofRack":true,"bluetooth":true,"cooler":true},"servicePrices":{"gps":15,"childSeat":10,"additionalDriver":20,"insurance":30,"dashcam":12,"wifi":8,"tollCard":5,"roofRack":25,"bluetooth":6,"cooler":15},"startDateTime":"2026-02-12 12:00","endDateTime":"2026-02-17 12:00","dateConfirmed":false,"pickupState":"Selangor","pickupLocation":"KLIA Airport - Terminal 1","dropoffState":"Selangor","dropoffLocation":"KLIA Airport - Terminal 1","insuranceLevel":"premium"}],"total_amount":1405,"discount_amount":0,"promo_code":null,"tax_amount":84.3,"service_fee":15,"grand_total":1504.3}
Validation passed
Booking ref: BK20260208008
Amounts - Total: 1405.00, Discount: 0.00, Tax: 84.30, Fee: 15.00, Grand: 1504.30, Promo: null
Booking inserted: ID 40
Car ID 3 LOCKED (availability=0)
Item 0 inserted: ID 0
ERROR: Cannot add or update a child row: a foreign key constraint fails (`car_rental_db`.`booking_services`, CONSTRAINT `booking_services_ibfk_1` FOREIGN KEY (`booking_item_id`) REFERENCES `booking_items` (`id`) ON DELETE CASCADE)
Stack: #0 C:\xampp\htdocs\CARRENTALSYSTEM\process_booking.php(261): mysqli_stmt->execute()
#1 {main}

[2026-02-07 20:37:05] === BOOKING START ===
Input: {"user_id":109,"customer_name":"MENGHUI2","customer_email":"hoomenghui2@gmail.com","customer_phone":"0127612283","payment_method":"e-wallet","cart":[{"id":1,"name":"Honda BR-V","price":120,"quantity":1,"rentalDays":1}],"total_amount":120,"discount_amount":0,"promo_code":null,"tax_amount":7.2,"service_fee":15,"grand_total":142.2}
Validation passed
Booking ref: BK20260208008
Amounts - Total: 120.00, Discount: 0.00, Tax: 7.20, Fee: 15.00, Grand: 142.20, Promo: null
Booking inserted: ID 41
ERROR: Column 'start_datetime' cannot be null
Stack: #0 C:\xampp\htdocs\CARRENTALSYSTEM\process_booking.php(222): mysqli_stmt->execute()
#1 {main}

[2026-02-07 20:57:12] === BOOKING START ===
Input: {"user_id":109,"customer_name":"MENGHUI2","customer_email":"hoomenghui2@gmail.com","customer_phone":"0127612283","payment_method":"e-wallet","cart":[{"id":1,"name":"Honda BR-V","price":120,"quantity":1,"rentalDays":1}],"total_amount":120,"discount_amount":0,"promo_code":null,"tax_amount":7.2,"service_fee":15,"grand_total":142.2}
Validation passed
Booking ref: BK20260208007
Amounts - Total: 120.00, Discount: 0.00, Tax: 7.20, Fee: 15.00, Grand: 142.20, Promo: null
ERROR: Duplicate entry 'BK20260208007' for key 'booking_reference'
Stack: #0 C:\xampp\htdocs\CARRENTALSYSTEM\process_booking.php(109): mysqli_stmt->execute()
#1 {main}

[2026-02-07 20:57:24] === BOOKING START ===
Input: {"user_id":109,"customer_name":"MENGHUI2","customer_email":"hoomenghui2@gmail.com","customer_phone":"0127612283","payment_method":"e-wallet","cart":[{"id":1,"name":"Honda BR-V","price":120,"quantity":1,"rentalDays":1}],"total_amount":120,"discount_amount":0,"promo_code":null,"tax_amount":7.2,"service_fee":15,"grand_total":142.2}
Validation passed
Booking ref: BK20260208007
Amounts - Total: 120.00, Discount: 0.00, Tax: 7.20, Fee: 15.00, Grand: 142.20, Promo: null
ERROR: Duplicate entry 'BK20260208007' for key 'booking_reference'
Stack: #0 C:\xampp\htdocs\CARRENTALSYSTEM\process_booking.php(109): mysqli_stmt->execute()
#1 {main}

[2026-02-07 20:57:48] === BOOKING START ===
Input: {"user_id":109,"customer_name":"MENGHUI2","customer_email":"hoomenghui2@gmail.com","customer_phone":"0127612283","payment_method":"e-wallet","cart":[{"id":1,"name":"Honda BR-V","price":120,"quantity":1,"rentalDays":1,"startDateTime":"2026-02-11 12:00","endDateTime":"2026-02-13 12:00","dateConfirmed":true,"pickupState":"Selangor","pickupLocation":"KLIA Airport - Terminal 1","dropoffState":"Selangor","dropoffLocation":"KLIA Airport - Terminal 1"}],"total_amount":240,"discount_amount":0,"promo_code":null,"tax_amount":14.4,"service_fee":15,"grand_total":269.4}
Validation passed
Booking ref: BK20260208007
Amounts - Total: 240.00, Discount: 0.00, Tax: 14.40, Fee: 15.00, Grand: 269.40, Promo: null
ERROR: Duplicate entry 'BK20260208007' for key 'booking_reference'
Stack: #0 C:\xampp\htdocs\CARRENTALSYSTEM\process_booking.php(109): mysqli_stmt->execute()
#1 {main}

[2026-02-07 20:58:25] === BOOKING START ===
Input: {"user_id":109,"customer_name":"MENGHUI2","customer_email":"hoomenghui2@gmail.com","customer_phone":"0127612283","payment_method":"e-wallet","cart":[{"id":3,"name":"Perodua Alza","price":90,"quantity":1,"rentalDays":1,"startDateTime":"2026-02-11 12:00","endDateTime":"2026-02-12 12:00","dateConfirmed":true,"pickupState":"Selangor","pickupLocation":"KLIA Airport - Terminal 1","dropoffState":"Selangor","dropoffLocation":"KLIA Airport - Terminal 1","driverAge":"under-25"}],"total_amount":100,"discount_amount":0,"promo_code":null,"tax_amount":6,"service_fee":15,"grand_total":121}
Validation passed
Booking ref: BK20260208007
Amounts - Total: 100.00, Discount: 0.00, Tax: 6.00, Fee: 15.00, Grand: 121.00, Promo: null
ERROR: Duplicate entry 'BK20260208007' for key 'booking_reference'
Stack: #0 C:\xampp\htdocs\CARRENTALSYSTEM\process_booking.php(109): mysqli_stmt->execute()
#1 {main}

[2026-02-07 21:00:56] === BOOKING START ===
Input: {"user_id":109,"customer_name":"MENGHUI2","customer_email":"hoomenghui2@gmail.com","customer_phone":"0127612283","payment_method":"e-wallet","cart":[{"id":3,"name":"Perodua Alza","price":90,"quantity":1,"rentalDays":1,"startDateTime":"2026-02-11 12:00","endDateTime":"2026-02-12 12:00","dateConfirmed":true,"pickupState":"Selangor","pickupLocation":"KLIA Airport - Terminal 1","dropoffState":"Selangor","dropoffLocation":"KLIA Airport - Terminal 1","driverAge":"under-25"}],"total_amount":100,"discount_amount":0,"promo_code":null,"tax_amount":6,"service_fee":15,"grand_total":121}
Validation passed
Booking ref: BK20260208007
Amounts - Total: 100.00, Discount: 0.00, Tax: 6.00, Fee: 15.00, Grand: 121.00, Promo: null
ERROR: Duplicate entry 'BK20260208007' for key 'booking_reference'
Stack: #0 C:\xampp\htdocs\CARRENTALSYSTEM\process_booking.php(109): mysqli_stmt->execute()
#1 {main}

[2026-02-07 21:01:13] === BOOKING START ===
Input: {"user_id":109,"customer_name":"MENGHUI2","customer_email":"hoomenghui2@gmail.com","customer_phone":"0127612283","payment_method":"e-wallet","cart":[{"id":3,"name":"Perodua Alza","price":90,"quantity":1,"rentalDays":1,"startDateTime":"2026-02-11 12:00","endDateTime":"2026-02-12 12:00","dateConfirmed":true,"pickupState":"Selangor","pickupLocation":"KLIA Airport - Terminal 1","dropoffState":"Selangor","dropoffLocation":"KLIA Airport - Terminal 1","driverAge":"under-25"}],"total_amount":100,"discount_amount":0,"promo_code":null,"tax_amount":6,"service_fee":15,"grand_total":121}
Validation passed
Booking ref: BK20260208006
Amounts - Total: 100.00, Discount: 0.00, Tax: 6.00, Fee: 15.00, Grand: 121.00, Promo: null
ERROR: Duplicate entry 'BK20260208006' for key 'booking_reference'
Stack: #0 C:\xampp\htdocs\CARRENTALSYSTEM\process_booking.php(109): mysqli_stmt->execute()
#1 {main}

[2026-02-07 21:02:44] === BOOKING START ===
Generated Ref: BK20260208007
[2026-02-07 21:08:10] === BOOKING START ===
Generated Ref: BK20260208008
[2026-02-07 21:08:24] === BOOKING START ===
Generated Ref: BK20260208008
[2026-02-07 21:14:23] === BOOKING START ===
Generated Ref: BK20260208009
[2026-02-07 21:35:53] === BOOKING START ===
Generated Ref: BK20260208010
[2026-02-07 21:40:01] === BOOKING START ===
Generated Ref: BK20260208011
[2026-02-07 21:53:38] === BOOKING START ===
Generated Ref: BK20260208012
[2026-02-07 22:01:17] === BOOKING START ===
Generated Ref: BK20260208013
[2026-02-08 02:53:36] === BOOKING START ===
Generated Ref: BK20260208014
[2026-02-08 02:54:12] === BOOKING START ===
Generated Ref: BK20260208015
[2026-02-08 02:54:34] === BOOKING START ===
Generated Ref: BK20260208015
[2026-02-08 03:00:10] === BOOKING START ===
Generated Ref: BK20260208016
[2026-02-09 15:43:03] === BOOKING START ===
Generated Ref: BK20260209001
[2026-02-09 15:45:21] === BOOKING START ===
Generated Ref: BK20260209002
[2026-02-09 20:24:04] === BOOKING START ===
Generated Ref: BK20260210001
